# Logfile created on 2025-01-02 23:13:26 +0000 by logger.rb/v1.6.0
I, [2025-01-02T23:13:26.976891 #1]  INFO -- : Using GitHub Features: Defaults
I, [2025-01-02T23:13:26.977884 #1]  INFO -- request: GET https://dev.azure.com/MGMResortsDigitalEngineering/Payment%20Services/_apis/build/definitions/1636?api-version=5.0
I, [2025-01-02T23:13:27.050557 #1]  INFO -- response: Status 200
I, [2025-01-02T23:13:27.085659 #1]  INFO -- request: GET https://api.github.com/repos/MGMResorts/pd-payments-audit-trail/contents/azure/azure-pipelines.yml?ref=refs%2Fheads%2Fdevelop
I, [2025-01-02T23:13:27.244733 #1]  INFO -- response: Status 200
I, [2025-01-02T23:13:27.247025 #1]  INFO -- request: GET https://dev.azure.com/MGMResortsDigitalEngineering/Payment%20Services/_apis/serviceendpoint/endpoints?api-version=5.0-preview
I, [2025-01-02T23:13:27.568950 #1]  INFO -- response: Status 200
I, [2025-01-02T23:13:27.574856 #1]  INFO -- request: GET https://dev.azure.com/MGMResortsDigitalEngineering/Payment%20Services/_apis/distributedtask/variablegroups?api-version=5.0-preview&queryOrder=idDescending
I, [2025-01-02T23:13:27.718404 #1]  INFO -- response: Status 200
I, [2025-01-02T23:13:27.726161 #1]  INFO -- request: GET https://dev.azure.com/MGMResortsDigitalEngineering/Payment%20Services/_apis/distributedtask/taskgroups?api-version=5.0-preview
I, [2025-01-02T23:13:27.874287 #1]  INFO -- response: Status 200
I, [2025-01-02T23:13:27.891543 #1]  INFO -- request: GET https://dev.azure.com/MGMResortsDigitalEngineering/_apis/distributedtask/tasks?api-version=5.0-preview
I, [2025-01-02T23:13:28.218828 #1]  INFO -- response: Status 200
D, [2025-01-02T23:13:28.298609 #1] DEBUG -- : [Transformers::AzureDevops::Pipeline::Steps]: Failed to locate transformer for 'JavaToolInstaller@0'
W, [2025-01-02T23:13:28.298704 #1]  WARN -- : There was an error tranforming step, and an array is being surfaced: JavaToolInstaller@0
D, [2025-01-02T23:13:28.298895 #1] DEBUG -- : [Transformers::AzureDevops::Pipeline::Steps]: Located transformer for 'script'
W, [2025-01-02T23:13:28.299058 #1]  WARN -- : There was an error tranforming step, and an array is being surfaced: script
D, [2025-01-02T23:13:28.299229 #1] DEBUG -- : [Transformers::AzureDevops::Pipeline::Steps]: Located transformer for 'CopyFiles@2'
W, [2025-01-02T23:13:28.299747 #1]  WARN -- : There was an error tranforming step, and an array is being surfaced: CopyFiles@2
D, [2025-01-02T23:13:28.299977 #1] DEBUG -- : [Transformers::AzureDevops::Pipeline::Steps]: Located transformer for 'ArchiveFiles@2'
W, [2025-01-02T23:13:28.300129 #1]  WARN -- : There was an error tranforming step, and an array is being surfaced: ArchiveFiles@2
D, [2025-01-02T23:13:28.300304 #1] DEBUG -- : [Transformers::AzureDevops::Pipeline::Steps]: Located transformer for 'PublishPipelineArtifact@1'
W, [2025-01-02T23:13:28.300645 #1]  WARN -- : There was an error tranforming step, and an array is being surfaced: PublishPipelineArtifact@1
D, [2025-01-02T23:13:28.301420 #1] DEBUG -- : [Transformers::AzureDevops::Pipeline::On]: Located transformer for 'continuousIntegration'
D, [2025-01-02T23:13:28.301503 #1] DEBUG -- : [Transformers::AzureDevops::Pipeline::On]: Located transformer for 'pullRequest'
I, [2025-01-02T23:13:28.362242 #1]  INFO -- : Output file(s):
I, [2025-01-02T23:13:28.366133 #1]  INFO -- :   tmp/dry-run/pipelines/Payment_Services/Payment_Diversity_[CNP]/MGMResorts.pd-payments-audit-trail/.github/workflows/mgmresorts.pd-payments-audit-trail.yml
